# JRE version: OpenJDK Runtime Environment (20.0.2+9) (build 20.0.2+9-78)
# Java VM: OpenJDK 64-Bit Server VM (20.0.2+9-78, mixed mode, sharing, tiered, compressed oops, compressed class ptrs, g1 gc, bsd-amd64)
GC Precious Log:
 CardTable entry size: 512
 Card Set container configuration: InlinePtr #cards 4 size 8 Array Of Cards #cards 16 size 48 Howl #buckets 8 coarsen threshold 3686 Howl Bitmap #cards 512 size 80 coarsen threshold 460 Card regions per heap region 1 cards per card region 4096
 CPUs: 8 total, 8 available
 Memory: 16384M
 Large Page Support: Disabled
 NUMA Support: Disabled
 Compressed Oops: Enabled (Zero based)
 Heap Region Size: 2M
 Heap Min Capacity: 8M
 Heap Initial Capacity: 256M
 Heap Max Capacity: 4G
 Pre-touch: Disabled
 Parallel Workers: 8
 Concurrent Workers: 2
 Concurrent Refinement Workers: 8
 Periodic GC: Disabled
Heap:
 garbage-first heap   total 266240K, used 113885K [0x0000000700000000, 0x0000000800000000)
  region size 2048K, 23 young (47104K), 3 survivors (6144K)
 Metaspace       used 7676K, committed 7936K, reserved 1114112K
  class space    used 507K, committed 640K, reserved 1048576K
GC Heap History (6 events):
Event: 2.294 GC heap before
{Heap before GC invocations=0 (full 0):
 garbage-first heap   total 266240K, used 36832K [0x0000000700000000, 0x0000000800000000)
  region size 2048K, 11 young (22528K), 0 survivors (0K)
 Metaspace       used 7529K, committed 7808K, reserved 1114112K
  class space    used 501K, committed 640K, reserved 1048576K
}
Event: 2.296 GC heap after
{Heap after GC invocations=1 (full 0):
 garbage-first heap   total 266240K, used 16607K [0x0000000700000000, 0x0000000800000000)
  region size 2048K, 2 young (4096K), 2 survivors (4096K)
 Metaspace       used 7529K, committed 7808K, reserved 1114112K
  class space    used 501K, committed 640K, reserved 1048576K
}
Event: 3.378 GC heap before
{Heap before GC invocations=1 (full 0):
 garbage-first heap   total 266240K, used 110815K [0x0000000700000000, 0x0000000800000000)
  region size 2048K, 33 young (67584K), 2 survivors (4096K)
 Metaspace       used 7550K, committed 7808K, reserved 1114112K
  class space    used 501K, committed 640K, reserved 1048576K
}
Event: 3.409 GC heap after
{Heap after GC invocations=2 (full 0):
 garbage-first heap   total 266240K, used 51684K [0x0000000700000000, 0x0000000800000000)
  region size 2048K, 5 young (10240K), 5 survivors (10240K)
 Metaspace       used 7550K, committed 7808K, reserved 1114112K
  class space    used 501K, committed 640K, reserved 1048576K
}
Event: 4.331 GC heap before
{Heap before GC invocations=2 (full 0):
 garbage-first heap   total 266240K, used 92644K [0x0000000700000000, 0x0000000800000000)
  region size 2048K, 18 young (36864K), 5 survivors (10240K)
 Metaspace       used 7551K, committed 7808K, reserved 1114112K
  class space    used 501K, committed 640K, reserved 1048576K
}
Event: 4.348 GC heap after
{Heap after GC invocations=3 (full 0):
 garbage-first heap   total 266240K, used 54493K [0x0000000700000000, 0x0000000800000000)
  region size 2048K, 3 young (6144K), 3 survivors (6144K)
 Metaspace       used 7551K, committed 7808K, reserved 1114112K
  class space    used 501K, committed 640K, reserved 1048576K
}

